<?xml version="1.0" encoding="UTF-8"?>
<testng-results total="1" passed="1" failed="0" skipped="0">
  <reporter-output>
  </reporter-output>
  <suite started-at="2023-06-02T06:21:02Z" name="Default suite" finished-at="2023-06-02T06:21:31Z" duration-ms="29424">
    <groups>
    </groups>
    <test started-at="2023-06-02T06:21:02Z" name="Default test" finished-at="2023-06-02T06:21:31Z" duration-ms="29424">
      <class name="seleniumday7.day7">
        <test-method signature="verifyTitle()[pri:0, instance:seleniumday7.day7@645aa696]" started-at="2023-06-02T11:51:02Z" name="verifyTitle" finished-at="2023-06-02T11:51:31Z" duration-ms="29413" status="PASS">
          <reporter-output>
          </reporter-output>
        </test-method> <!-- verifyTitle -->
      </class> <!-- seleniumday7.day7 -->
    </test> <!-- Default test -->
  </suite> <!-- Default suite -->
</testng-results>
